<?xml version="1.0" encoding="UTF-8"?>
<testng-results skipped="0" failed="0" ignored="0" total="1" passed="1">
  <reporter-output>
  </reporter-output>
  <suite name="CI_CD_TEST" duration-ms="30755" started-at="2020-08-06T06:41:12Z" finished-at="2020-08-06T06:41:43Z">
    <groups>
    </groups>
    <test name="PrincipleTestSuite" duration-ms="30755" started-at="2020-08-06T06:41:12Z" finished-at="2020-08-06T06:41:43Z">
      <class name="SeleniumSmoke.Selenium.PrincipleTestSuite">
        <test-method status="PASS" signature="logintest()[pri:0, instance:SeleniumSmoke.Selenium.PrincipleTestSuite@2b2948e2]" name="logintest" duration-ms="30738" started-at="2020-08-06T06:41:12Z" finished-at="2020-08-06T06:41:43Z">
          <reporter-output>
          </reporter-output>
        </test-method> <!-- logintest -->
      </class> <!-- SeleniumSmoke.Selenium.PrincipleTestSuite -->
    </test> <!-- PrincipleTestSuite -->
  </suite> <!-- CI_CD_TEST -->
</testng-results>
