<?xml version="1.0" encoding="UTF-8" ?>
<testsuite tests="6" failures="0" name="com.visualpathit.account.controllerTest.UserControllerTest" time="4.211" errors="0" skipped="0">
  <properties>
[...]
</properties>
  <testcase classname="com.visualpathit.account.controllerTest.UserControllerTest" name="indexTestHappyFlow" time="3.312"/>
  <testcase classname="com.visualpathit.account.controllerTest.UserControllerTest" name="loginTestHappyFlow" time="0.14"/>
  <testcase classname="com.visualpathit.account.controllerTest.UserControllerTest" name="registrationTestforNullValueHappyFlow" time="0.303"/>
  <testcase classname="com.visualpathit.account.controllerTest.UserControllerTest" name="welcomeAfterDirectLoginTestHappyFlow" time="0.44"/>
  <testcase classname="com.visualpathit.account.controllerTest.UserControllerTest" name="registrationTestforHappyFlow" time="0"/>
  <testcase classname="com.visualpathit.account.controllerTest.UserControllerTest" name="welcomeTestHappyFlow" time="0.016"/>
</testsuite>