<?xml version="1.0" encoding="UTF-8"?>
<testng-results skipped="0" failed="0" ignored="0" total="1" passed="1">
  <reporter-output>
  </reporter-output>
  <suite name="CI_CD_TEST" duration-ms="45" started-at="2020-10-01T18:42:57Z" finished-at="2020-10-01T18:42:57Z">
    <groups>
    </groups>
    <test name="PrincipleTestSuite" duration-ms="45" started-at="2020-10-01T18:42:57Z" finished-at="2020-10-01T18:42:57Z">
      <class name="DevOPS.devOPS.mavenarg">
        <test-method status="PASS" signature="args()[pri:0, instance:DevOPS.devOPS.mavenarg@86be70a]" name="args" duration-ms="15" started-at="2020-10-01T18:42:57Z" finished-at="2020-10-01T18:42:57Z">
          <reporter-output>
          </reporter-output>
        </test-method> <!-- args -->
      </class> <!-- DevOPS.devOPS.mavenarg -->
    </test> <!-- PrincipleTestSuite -->
  </suite> <!-- CI_CD_TEST -->
</testng-results>
